[08-09 14:15:55]: [INFO] Created column 'regdate' and set the current timestamp, 1628507755042, to all 0 rows
[08-09 14:15:55]: [INFO] SQLite Setup finished
[08-09 14:15:55]: [INFO] Hooked into LuckPerms!
[08-09 14:15:55]: [INFO] Hooked successfully into Essentials
[08-09 14:15:55]: [INFO] Essentials spawn file not found: 'C:\Users\Пользователь\Desktop\серв\plugins\Essentials\spawn.yml'
[08-09 14:15:55]: [WARN] WARNING! The protectInventory feature requires ProtocolLib! Disabling it...
[08-09 14:15:55]: [INFO] AuthMe 5.6.0-beta2 build n.2453 successfully enabled!
[08-09 14:15:55]: [INFO] Downloading GEO IP database, because the old database is older than 30 days or doesn't exist
[08-09 14:15:55]: [WARN] No MaxMind credentials found in the configuration file! GeoIp protections will be disabled.
[08-09 14:15:55]: [INFO] There is no newer GEO IP database uploaded to MaxMind. Using the old one for now.
[08-09 14:15:55]: [WARN] Could not download GeoLiteAPI database [FileNotFoundException]: plugins\AuthMe\GeoLite2-Country.mmdb (Не удается найти указанный файл)
[08-09 14:15:55]: java.io.FileNotFoundException: plugins\AuthMe\GeoLite2-Country.mmdb (Не удается найти указанный файл)
	at java.base/java.io.RandomAccessFile.open0(Native Method)
	at java.base/java.io.RandomAccessFile.open(RandomAccessFile.java:343)
	at java.base/java.io.RandomAccessFile.<init>(RandomAccessFile.java:258)
	at java.base/java.io.RandomAccessFile.<init>(RandomAccessFile.java:213)
	at AuthMe-5.6.0-beta2.jar//fr.xephi.authme.libs.com.maxmind.db.BufferHolder.<init>(BufferHolder.java:20)
	at AuthMe-5.6.0-beta2.jar//fr.xephi.authme.libs.com.maxmind.db.Reader.<init>(Reader.java:121)
	at AuthMe-5.6.0-beta2.jar//fr.xephi.authme.service.GeoIpService.startReading(GeoIpService.java:173)
	at AuthMe-5.6.0-beta2.jar//fr.xephi.authme.service.GeoIpService.updateDatabase(GeoIpService.java:144)
	at org.bukkit.craftbukkit.v1_17_R1.scheduler.CraftTask.run(CraftTask.java:101)
	at org.bukkit.craftbukkit.v1_17_R1.scheduler.CraftAsyncTask.run(CraftAsyncTask.java:54)
	at com.destroystokyo.paper.ServerSchedulerReportingWrapper.run(ServerSchedulerReportingWrapper.java:22)
	at java.base/java.util.concurrent.ThreadPoolExecutor.runWorker(ThreadPoolExecutor.java:1130)
	at java.base/java.util.concurrent.ThreadPoolExecutor$Worker.run(ThreadPoolExecutor.java:630)
	at java.base/java.lang.Thread.run(Thread.java:831)

[08-09 14:18:38]: [INFO] AuthMe 5.6.0-beta2-b2453 disabled!
[08-09 14:20:29]: [INFO] SQLite Setup finished
[08-09 14:20:29]: [INFO] Hooked into LuckPerms!
[08-09 14:20:29]: [INFO] Hooked successfully into Essentials
[08-09 14:20:29]: [INFO] Essentials spawn file not found: 'C:\Users\Пользователь\Desktop\серв\plugins\Essentials\spawn.yml'
[08-09 14:20:29]: [WARN] WARNING! The protectInventory feature requires ProtocolLib! Disabling it...
[08-09 14:20:29]: [INFO] AuthMe 5.6.0-beta2 build n.2453 successfully enabled!
[08-09 14:20:30]: [INFO] Downloading GEO IP database, because the old database is older than 30 days or doesn't exist
[08-09 14:20:30]: [WARN] No MaxMind credentials found in the configuration file! GeoIp protections will be disabled.
[08-09 14:20:30]: [INFO] There is no newer GEO IP database uploaded to MaxMind. Using the old one for now.
[08-09 14:20:30]: [WARN] Could not download GeoLiteAPI database [FileNotFoundException]: plugins\AuthMe\GeoLite2-Country.mmdb (Не удается найти указанный файл)
[08-09 14:20:30]: java.io.FileNotFoundException: plugins\AuthMe\GeoLite2-Country.mmdb (Не удается найти указанный файл)
	at java.base/java.io.RandomAccessFile.open0(Native Method)
	at java.base/java.io.RandomAccessFile.open(RandomAccessFile.java:343)
	at java.base/java.io.RandomAccessFile.<init>(RandomAccessFile.java:258)
	at java.base/java.io.RandomAccessFile.<init>(RandomAccessFile.java:213)
	at AuthMe-5.6.0-beta2.jar//fr.xephi.authme.libs.com.maxmind.db.BufferHolder.<init>(BufferHolder.java:20)
	at AuthMe-5.6.0-beta2.jar//fr.xephi.authme.libs.com.maxmind.db.Reader.<init>(Reader.java:121)
	at AuthMe-5.6.0-beta2.jar//fr.xephi.authme.service.GeoIpService.startReading(GeoIpService.java:173)
	at AuthMe-5.6.0-beta2.jar//fr.xephi.authme.service.GeoIpService.updateDatabase(GeoIpService.java:144)
	at org.bukkit.craftbukkit.v1_17_R1.scheduler.CraftTask.run(CraftTask.java:101)
	at org.bukkit.craftbukkit.v1_17_R1.scheduler.CraftAsyncTask.run(CraftAsyncTask.java:54)
	at com.destroystokyo.paper.ServerSchedulerReportingWrapper.run(ServerSchedulerReportingWrapper.java:22)
	at java.base/java.util.concurrent.ThreadPoolExecutor.runWorker(ThreadPoolExecutor.java:1130)
	at java.base/java.util.concurrent.ThreadPoolExecutor$Worker.run(ThreadPoolExecutor.java:630)
	at java.base/java.lang.Thread.run(Thread.java:831)

[08-09 14:23:01]: [INFO] SQLite Setup finished
[08-09 14:23:01]: [INFO] Hooked into LuckPerms!
[08-09 14:23:01]: [INFO] Hooked successfully into Essentials
[08-09 14:23:01]: [INFO] Essentials spawn file not found: 'C:\Users\Пользователь\Desktop\minerose\plugins\Essentials\spawn.yml'
[08-09 14:23:01]: [WARN] WARNING! The protectInventory feature requires ProtocolLib! Disabling it...
[08-09 14:23:01]: [INFO] AuthMe 5.6.0-beta2 build n.2453 successfully enabled!
[08-09 14:23:02]: [INFO] Downloading GEO IP database, because the old database is older than 30 days or doesn't exist
[08-09 14:23:02]: [WARN] No MaxMind credentials found in the configuration file! GeoIp protections will be disabled.
[08-09 14:23:02]: [INFO] There is no newer GEO IP database uploaded to MaxMind. Using the old one for now.
[08-09 14:23:02]: [WARN] Could not download GeoLiteAPI database [FileNotFoundException]: plugins\AuthMe\GeoLite2-Country.mmdb (Не удается найти указанный файл)
[08-09 14:23:02]: java.io.FileNotFoundException: plugins\AuthMe\GeoLite2-Country.mmdb (Не удается найти указанный файл)
	at java.base/java.io.RandomAccessFile.open0(Native Method)
	at java.base/java.io.RandomAccessFile.open(RandomAccessFile.java:343)
	at java.base/java.io.RandomAccessFile.<init>(RandomAccessFile.java:258)
	at java.base/java.io.RandomAccessFile.<init>(RandomAccessFile.java:213)
	at AuthMe-5.6.0-beta2.jar//fr.xephi.authme.libs.com.maxmind.db.BufferHolder.<init>(BufferHolder.java:20)
	at AuthMe-5.6.0-beta2.jar//fr.xephi.authme.libs.com.maxmind.db.Reader.<init>(Reader.java:121)
	at AuthMe-5.6.0-beta2.jar//fr.xephi.authme.service.GeoIpService.startReading(GeoIpService.java:173)
	at AuthMe-5.6.0-beta2.jar//fr.xephi.authme.service.GeoIpService.updateDatabase(GeoIpService.java:144)
	at org.bukkit.craftbukkit.v1_17_R1.scheduler.CraftTask.run(CraftTask.java:101)
	at org.bukkit.craftbukkit.v1_17_R1.scheduler.CraftAsyncTask.run(CraftAsyncTask.java:54)
	at com.destroystokyo.paper.ServerSchedulerReportingWrapper.run(ServerSchedulerReportingWrapper.java:22)
	at java.base/java.util.concurrent.ThreadPoolExecutor.runWorker(ThreadPoolExecutor.java:1130)
	at java.base/java.util.concurrent.ThreadPoolExecutor$Worker.run(ThreadPoolExecutor.java:630)
	at java.base/java.lang.Thread.run(Thread.java:831)

[08-09 14:25:06]: [FINE] Ne_Rubychka registered 127.0.0.1
[08-09 14:25:06]: [FINE] Ne_Rubychka logged in 127.0.0.1
[08-09 14:41:45]: [INFO] AuthMe 5.6.0-beta2-b2453 disabled!
[08-09 14:42:30]: [INFO] SQLite Setup finished
[08-09 14:42:30]: [INFO] Hooked into LuckPerms!
[08-09 14:42:30]: [INFO] Hooked successfully into Essentials
[08-09 14:42:30]: [INFO] Essentials spawn file not found: 'C:\Users\Пользователь\Desktop\minerose\plugins\Essentials\spawn.yml'
[08-09 14:42:30]: [WARN] WARNING! The protectInventory feature requires ProtocolLib! Disabling it...
[08-09 14:42:31]: [INFO] AuthMe 5.6.0-beta2 build n.2453 successfully enabled!
[08-09 14:42:31]: [INFO] Downloading GEO IP database, because the old database is older than 30 days or doesn't exist
[08-09 14:42:31]: [WARN] No MaxMind credentials found in the configuration file! GeoIp protections will be disabled.
[08-09 14:42:31]: [INFO] There is no newer GEO IP database uploaded to MaxMind. Using the old one for now.
[08-09 14:42:31]: [WARN] Could not download GeoLiteAPI database [FileNotFoundException]: plugins\AuthMe\GeoLite2-Country.mmdb (Не удается найти указанный файл)
[08-09 14:42:31]: java.io.FileNotFoundException: plugins\AuthMe\GeoLite2-Country.mmdb (Не удается найти указанный файл)
	at java.base/java.io.RandomAccessFile.open0(Native Method)
	at java.base/java.io.RandomAccessFile.open(RandomAccessFile.java:343)
	at java.base/java.io.RandomAccessFile.<init>(RandomAccessFile.java:258)
	at java.base/java.io.RandomAccessFile.<init>(RandomAccessFile.java:213)
	at AuthMe-5.6.0-beta2.jar//fr.xephi.authme.libs.com.maxmind.db.BufferHolder.<init>(BufferHolder.java:20)
	at AuthMe-5.6.0-beta2.jar//fr.xephi.authme.libs.com.maxmind.db.Reader.<init>(Reader.java:121)
	at AuthMe-5.6.0-beta2.jar//fr.xephi.authme.service.GeoIpService.startReading(GeoIpService.java:173)
	at AuthMe-5.6.0-beta2.jar//fr.xephi.authme.service.GeoIpService.updateDatabase(GeoIpService.java:144)
	at org.bukkit.craftbukkit.v1_17_R1.scheduler.CraftTask.run(CraftTask.java:101)
	at org.bukkit.craftbukkit.v1_17_R1.scheduler.CraftAsyncTask.run(CraftAsyncTask.java:54)
	at com.destroystokyo.paper.ServerSchedulerReportingWrapper.run(ServerSchedulerReportingWrapper.java:22)
	at java.base/java.util.concurrent.ThreadPoolExecutor.runWorker(ThreadPoolExecutor.java:1130)
	at java.base/java.util.concurrent.ThreadPoolExecutor$Worker.run(ThreadPoolExecutor.java:630)
	at java.base/java.lang.Thread.run(Thread.java:831)

[08-09 14:43:02]: [FINE] Ne_Rubychka logged in 127.0.0.1
[08-09 14:45:04]: [FINE] Ne_Rubychka logged in 127.0.0.1
[08-09 14:49:50]: [INFO] AuthMe 5.6.0-beta2-b2453 disabled!
[08-09 14:50:33]: [INFO] SQLite Setup finished
[08-09 14:50:33]: [INFO] Hooked into LuckPerms!
[08-09 14:50:33]: [INFO] Hooked successfully into Essentials
[08-09 14:50:33]: [INFO] Essentials spawn file not found: 'C:\Users\Пользователь\Desktop\minerose\plugins\Essentials\spawn.yml'
[08-09 14:50:33]: [WARN] WARNING! The protectInventory feature requires ProtocolLib! Disabling it...
[08-09 14:50:33]: [INFO] AuthMe 5.6.0-beta2 build n.2453 successfully enabled!
[08-09 14:50:35]: [INFO] Downloading GEO IP database, because the old database is older than 30 days or doesn't exist
[08-09 14:50:35]: [WARN] No MaxMind credentials found in the configuration file! GeoIp protections will be disabled.
[08-09 14:50:35]: [INFO] There is no newer GEO IP database uploaded to MaxMind. Using the old one for now.
[08-09 14:50:35]: [WARN] Could not download GeoLiteAPI database [FileNotFoundException]: plugins\AuthMe\GeoLite2-Country.mmdb (Не удается найти указанный файл)
[08-09 14:50:35]: java.io.FileNotFoundException: plugins\AuthMe\GeoLite2-Country.mmdb (Не удается найти указанный файл)
	at java.base/java.io.RandomAccessFile.open0(Native Method)
	at java.base/java.io.RandomAccessFile.open(RandomAccessFile.java:343)
	at java.base/java.io.RandomAccessFile.<init>(RandomAccessFile.java:258)
	at java.base/java.io.RandomAccessFile.<init>(RandomAccessFile.java:213)
	at AuthMe-5.6.0-beta2.jar//fr.xephi.authme.libs.com.maxmind.db.BufferHolder.<init>(BufferHolder.java:20)
	at AuthMe-5.6.0-beta2.jar//fr.xephi.authme.libs.com.maxmind.db.Reader.<init>(Reader.java:121)
	at AuthMe-5.6.0-beta2.jar//fr.xephi.authme.service.GeoIpService.startReading(GeoIpService.java:173)
	at AuthMe-5.6.0-beta2.jar//fr.xephi.authme.service.GeoIpService.updateDatabase(GeoIpService.java:144)
	at org.bukkit.craftbukkit.v1_17_R1.scheduler.CraftTask.run(CraftTask.java:101)
	at org.bukkit.craftbukkit.v1_17_R1.scheduler.CraftAsyncTask.run(CraftAsyncTask.java:54)
	at com.destroystokyo.paper.ServerSchedulerReportingWrapper.run(ServerSchedulerReportingWrapper.java:22)
	at java.base/java.util.concurrent.ThreadPoolExecutor.runWorker(ThreadPoolExecutor.java:1130)
	at java.base/java.util.concurrent.ThreadPoolExecutor$Worker.run(ThreadPoolExecutor.java:630)
	at java.base/java.lang.Thread.run(Thread.java:831)

[08-09 14:50:48]: [FINE] Ne_Rubychka used the wrong password
[08-09 14:50:55]: [FINE] Ne_Rubychka logged in 127.0.0.1
[08-09 15:23:42]: [INFO] Essentials spawn file not found: 'C:\Users\Пользователь\Desktop\minerose\plugins\Essentials\spawn.yml'
[08-09 15:23:42]: [INFO] Unhooked from Permissions!
[08-09 15:23:42]: [INFO] Hooked into LuckPerms!
[08-09 15:23:42]: [INFO] SQLite Setup finished
[08-09 15:23:42]: [WARN] WARNING! The protectInventory feature requires ProtocolLib! Disabling it...
[08-09 15:23:52]: [FINE] Ne_Rubychka logged in 127.0.0.1
[08-09 15:24:39]: [INFO] Essentials spawn file not found: 'C:\Users\Пользователь\Desktop\minerose\plugins\Essentials\spawn.yml'
[08-09 15:24:39]: [INFO] Unhooked from Permissions!
[08-09 15:24:39]: [INFO] Hooked into LuckPerms!
[08-09 15:24:39]: [INFO] SQLite Setup finished
[08-09 15:24:39]: [WARN] WARNING! The protectInventory feature requires ProtocolLib! Disabling it...
[08-09 15:25:07]: [FINE] Ne_Rubychka logged in 127.0.0.1
[08-09 15:25:48]: [INFO] Essentials spawn file not found: 'C:\Users\Пользователь\Desktop\minerose\plugins\Essentials\spawn.yml'
[08-09 15:25:48]: [INFO] Unhooked from Permissions!
[08-09 15:25:48]: [INFO] Hooked into LuckPerms!
[08-09 15:25:48]: [INFO] SQLite Setup finished
[08-09 15:25:48]: [WARN] WARNING! The protectInventory feature requires ProtocolLib! Disabling it...
[08-09 15:25:55]: [FINE] Ne_Rubychka logged in 127.0.0.1
[08-09 15:27:53]: [INFO] AuthMe 5.6.0-beta2-b2453 disabled!
[08-09 15:28:41]: [INFO] SQLite Setup finished
[08-09 15:28:41]: [INFO] Hooked into LuckPerms!
[08-09 15:28:41]: [INFO] Hooked successfully into Essentials
[08-09 15:28:41]: [INFO] Essentials spawn file not found: 'C:\Users\Пользователь\Desktop\minerose\plugins\Essentials\spawn.yml'
[08-09 15:28:41]: [WARN] WARNING! The protectInventory feature requires ProtocolLib! Disabling it...
[08-09 15:28:41]: [INFO] AuthMe 5.6.0-beta2 build n.2453 successfully enabled!
[08-09 15:28:42]: [INFO] Downloading GEO IP database, because the old database is older than 30 days or doesn't exist
[08-09 15:28:42]: [WARN] No MaxMind credentials found in the configuration file! GeoIp protections will be disabled.
[08-09 15:28:42]: [INFO] There is no newer GEO IP database uploaded to MaxMind. Using the old one for now.
[08-09 15:28:42]: [WARN] Could not download GeoLiteAPI database [FileNotFoundException]: plugins\AuthMe\GeoLite2-Country.mmdb (Не удается найти указанный файл)
[08-09 15:28:42]: java.io.FileNotFoundException: plugins\AuthMe\GeoLite2-Country.mmdb (Не удается найти указанный файл)
	at java.base/java.io.RandomAccessFile.open0(Native Method)
	at java.base/java.io.RandomAccessFile.open(RandomAccessFile.java:343)
	at java.base/java.io.RandomAccessFile.<init>(RandomAccessFile.java:258)
	at java.base/java.io.RandomAccessFile.<init>(RandomAccessFile.java:213)
	at AuthMe-5.6.0-beta2.jar//fr.xephi.authme.libs.com.maxmind.db.BufferHolder.<init>(BufferHolder.java:20)
	at AuthMe-5.6.0-beta2.jar//fr.xephi.authme.libs.com.maxmind.db.Reader.<init>(Reader.java:121)
	at AuthMe-5.6.0-beta2.jar//fr.xephi.authme.service.GeoIpService.startReading(GeoIpService.java:173)
	at AuthMe-5.6.0-beta2.jar//fr.xephi.authme.service.GeoIpService.updateDatabase(GeoIpService.java:144)
	at org.bukkit.craftbukkit.v1_17_R1.scheduler.CraftTask.run(CraftTask.java:101)
	at org.bukkit.craftbukkit.v1_17_R1.scheduler.CraftAsyncTask.run(CraftAsyncTask.java:54)
	at com.destroystokyo.paper.ServerSchedulerReportingWrapper.run(ServerSchedulerReportingWrapper.java:22)
	at java.base/java.util.concurrent.ThreadPoolExecutor.runWorker(ThreadPoolExecutor.java:1130)
	at java.base/java.util.concurrent.ThreadPoolExecutor$Worker.run(ThreadPoolExecutor.java:630)
	at java.base/java.lang.Thread.run(Thread.java:831)

[08-09 15:29:13]: [FINE] Ne_Rubychka logged in 127.0.0.1
[08-09 16:01:34]: [INFO] AuthMe 5.6.0-beta2-b2453 disabled!
[08-09 16:05:34]: [INFO] SQLite Setup finished
[08-09 16:05:34]: [INFO] Hooked into LuckPerms!
[08-09 16:05:34]: [INFO] Hooked successfully into Essentials
[08-09 16:05:34]: [INFO] Essentials spawn file not found: 'C:\Users\Пользователь\Desktop\minerose\plugins\Essentials\spawn.yml'
[08-09 16:05:34]: [WARN] WARNING! The protectInventory feature requires ProtocolLib! Disabling it...
[08-09 16:05:34]: [INFO] AuthMe 5.6.0-beta2 build n.2453 successfully enabled!
[08-09 16:05:34]: [INFO] Downloading GEO IP database, because the old database is older than 30 days or doesn't exist
[08-09 16:05:34]: [WARN] No MaxMind credentials found in the configuration file! GeoIp protections will be disabled.
[08-09 16:05:34]: [INFO] There is no newer GEO IP database uploaded to MaxMind. Using the old one for now.
[08-09 16:05:34]: [WARN] Could not download GeoLiteAPI database [FileNotFoundException]: plugins\AuthMe\GeoLite2-Country.mmdb (Не удается найти указанный файл)
[08-09 16:05:34]: java.io.FileNotFoundException: plugins\AuthMe\GeoLite2-Country.mmdb (Не удается найти указанный файл)
	at java.base/java.io.RandomAccessFile.open0(Native Method)
	at java.base/java.io.RandomAccessFile.open(RandomAccessFile.java:343)
	at java.base/java.io.RandomAccessFile.<init>(RandomAccessFile.java:258)
	at java.base/java.io.RandomAccessFile.<init>(RandomAccessFile.java:213)
	at AuthMe-5.6.0-beta2.jar//fr.xephi.authme.libs.com.maxmind.db.BufferHolder.<init>(BufferHolder.java:20)
	at AuthMe-5.6.0-beta2.jar//fr.xephi.authme.libs.com.maxmind.db.Reader.<init>(Reader.java:121)
	at AuthMe-5.6.0-beta2.jar//fr.xephi.authme.service.GeoIpService.startReading(GeoIpService.java:173)
	at AuthMe-5.6.0-beta2.jar//fr.xephi.authme.service.GeoIpService.updateDatabase(GeoIpService.java:144)
	at org.bukkit.craftbukkit.v1_17_R1.scheduler.CraftTask.run(CraftTask.java:101)
	at org.bukkit.craftbukkit.v1_17_R1.scheduler.CraftAsyncTask.run(CraftAsyncTask.java:54)
	at com.destroystokyo.paper.ServerSchedulerReportingWrapper.run(ServerSchedulerReportingWrapper.java:22)
	at java.base/java.util.concurrent.ThreadPoolExecutor.runWorker(ThreadPoolExecutor.java:1130)
	at java.base/java.util.concurrent.ThreadPoolExecutor$Worker.run(ThreadPoolExecutor.java:630)
	at java.base/java.lang.Thread.run(Thread.java:831)

[08-09 16:06:27]: [FINE] Ne_Rubychka logged in 127.0.0.1
[08-09 16:17:48]: [INFO] AuthMe 5.6.0-beta2-b2453 disabled!
[08-09 16:19:59]: [INFO] SQLite Setup finished
[08-09 16:19:59]: [INFO] Hooked into LuckPerms!
[08-09 16:20:00]: [INFO] Hooked successfully into Essentials
[08-09 16:20:00]: [INFO] Essentials spawn file not found: 'C:\Users\Пользователь\Desktop\minerose\plugins\Essentials\spawn.yml'
[08-09 16:20:00]: [WARN] WARNING! The protectInventory feature requires ProtocolLib! Disabling it...
[08-09 16:20:00]: [INFO] AuthMe 5.6.0-beta2 build n.2453 successfully enabled!
[08-09 16:20:00]: [INFO] Downloading GEO IP database, because the old database is older than 30 days or doesn't exist
[08-09 16:20:00]: [WARN] No MaxMind credentials found in the configuration file! GeoIp protections will be disabled.
[08-09 16:20:00]: [INFO] There is no newer GEO IP database uploaded to MaxMind. Using the old one for now.
[08-09 16:20:00]: [WARN] Could not download GeoLiteAPI database [FileNotFoundException]: plugins\AuthMe\GeoLite2-Country.mmdb (Не удается найти указанный файл)
[08-09 16:20:00]: java.io.FileNotFoundException: plugins\AuthMe\GeoLite2-Country.mmdb (Не удается найти указанный файл)
	at java.base/java.io.RandomAccessFile.open0(Native Method)
	at java.base/java.io.RandomAccessFile.open(RandomAccessFile.java:343)
	at java.base/java.io.RandomAccessFile.<init>(RandomAccessFile.java:258)
	at java.base/java.io.RandomAccessFile.<init>(RandomAccessFile.java:213)
	at AuthMe-5.6.0-beta2.jar//fr.xephi.authme.libs.com.maxmind.db.BufferHolder.<init>(BufferHolder.java:20)
	at AuthMe-5.6.0-beta2.jar//fr.xephi.authme.libs.com.maxmind.db.Reader.<init>(Reader.java:121)
	at AuthMe-5.6.0-beta2.jar//fr.xephi.authme.service.GeoIpService.startReading(GeoIpService.java:173)
	at AuthMe-5.6.0-beta2.jar//fr.xephi.authme.service.GeoIpService.updateDatabase(GeoIpService.java:144)
	at org.bukkit.craftbukkit.v1_17_R1.scheduler.CraftTask.run(CraftTask.java:101)
	at org.bukkit.craftbukkit.v1_17_R1.scheduler.CraftAsyncTask.run(CraftAsyncTask.java:54)
	at com.destroystokyo.paper.ServerSchedulerReportingWrapper.run(ServerSchedulerReportingWrapper.java:22)
	at java.base/java.util.concurrent.ThreadPoolExecutor.runWorker(ThreadPoolExecutor.java:1130)
	at java.base/java.util.concurrent.ThreadPoolExecutor$Worker.run(ThreadPoolExecutor.java:630)
	at java.base/java.lang.Thread.run(Thread.java:831)

[08-09 16:20:27]: [FINE] Ne_Rubychka logged in 127.0.0.1
[08-09 16:21:16]: [FINE] Ne_Rubychka logged in 127.0.0.1
[08-09 16:23:47]: [INFO] SQLite Setup finished
[08-09 16:23:47]: [INFO] Hooked into LuckPerms!
[08-09 16:23:48]: [INFO] Hooked successfully into Essentials
[08-09 16:23:48]: [INFO] Essentials spawn file not found: 'C:\Users\Пользователь\Desktop\minerose\plugins\Essentials\spawn.yml'
[08-09 16:23:48]: [WARN] WARNING! The protectInventory feature requires ProtocolLib! Disabling it...
[08-09 16:23:48]: [INFO] AuthMe 5.6.0-beta2 build n.2453 successfully enabled!
[08-09 16:23:48]: [INFO] Downloading GEO IP database, because the old database is older than 30 days or doesn't exist
[08-09 16:23:48]: [WARN] No MaxMind credentials found in the configuration file! GeoIp protections will be disabled.
[08-09 16:23:48]: [INFO] There is no newer GEO IP database uploaded to MaxMind. Using the old one for now.
[08-09 16:23:49]: [WARN] Could not download GeoLiteAPI database [FileNotFoundException]: plugins\AuthMe\GeoLite2-Country.mmdb (Не удается найти указанный файл)
[08-09 16:23:49]: java.io.FileNotFoundException: plugins\AuthMe\GeoLite2-Country.mmdb (Не удается найти указанный файл)
	at java.base/java.io.RandomAccessFile.open0(Native Method)
	at java.base/java.io.RandomAccessFile.open(RandomAccessFile.java:343)
	at java.base/java.io.RandomAccessFile.<init>(RandomAccessFile.java:258)
	at java.base/java.io.RandomAccessFile.<init>(RandomAccessFile.java:213)
	at AuthMe-5.6.0-beta2.jar//fr.xephi.authme.libs.com.maxmind.db.BufferHolder.<init>(BufferHolder.java:20)
	at AuthMe-5.6.0-beta2.jar//fr.xephi.authme.libs.com.maxmind.db.Reader.<init>(Reader.java:121)
	at AuthMe-5.6.0-beta2.jar//fr.xephi.authme.service.GeoIpService.startReading(GeoIpService.java:173)
	at AuthMe-5.6.0-beta2.jar//fr.xephi.authme.service.GeoIpService.updateDatabase(GeoIpService.java:144)
	at org.bukkit.craftbukkit.v1_17_R1.scheduler.CraftTask.run(CraftTask.java:101)
	at org.bukkit.craftbukkit.v1_17_R1.scheduler.CraftAsyncTask.run(CraftAsyncTask.java:54)
	at com.destroystokyo.paper.ServerSchedulerReportingWrapper.run(ServerSchedulerReportingWrapper.java:22)
	at java.base/java.util.concurrent.ThreadPoolExecutor.runWorker(ThreadPoolExecutor.java:1130)
	at java.base/java.util.concurrent.ThreadPoolExecutor$Worker.run(ThreadPoolExecutor.java:630)
	at java.base/java.lang.Thread.run(Thread.java:831)

[08-09 16:24:12]: [FINE] Ne_Rubychka logged in 127.0.0.1
[08-09 16:26:15]: [INFO] AuthMe 5.6.0-beta2-b2453 disabled!
[08-09 16:29:18]: [INFO] SQLite Setup finished
[08-09 16:29:18]: [INFO] Hooked into LuckPerms!
[08-09 16:29:18]: [INFO] Hooked successfully into Essentials
[08-09 16:29:18]: [INFO] Essentials spawn file not found: 'C:\Users\Пользователь\Desktop\minerose\plugins\Essentials\spawn.yml'
[08-09 16:29:18]: [WARN] WARNING! The protectInventory feature requires ProtocolLib! Disabling it...
[08-09 16:29:18]: [INFO] AuthMe 5.6.0-beta2 build n.2453 successfully enabled!
[08-09 16:29:19]: [INFO] Downloading GEO IP database, because the old database is older than 30 days or doesn't exist
[08-09 16:29:19]: [WARN] No MaxMind credentials found in the configuration file! GeoIp protections will be disabled.
[08-09 16:29:19]: [INFO] There is no newer GEO IP database uploaded to MaxMind. Using the old one for now.
[08-09 16:29:19]: [WARN] Could not download GeoLiteAPI database [FileNotFoundException]: plugins\AuthMe\GeoLite2-Country.mmdb (Не удается найти указанный файл)
[08-09 16:29:19]: java.io.FileNotFoundException: plugins\AuthMe\GeoLite2-Country.mmdb (Не удается найти указанный файл)
	at java.base/java.io.RandomAccessFile.open0(Native Method)
	at java.base/java.io.RandomAccessFile.open(RandomAccessFile.java:343)
	at java.base/java.io.RandomAccessFile.<init>(RandomAccessFile.java:258)
	at java.base/java.io.RandomAccessFile.<init>(RandomAccessFile.java:213)
	at AuthMe-5.6.0-beta2.jar//fr.xephi.authme.libs.com.maxmind.db.BufferHolder.<init>(BufferHolder.java:20)
	at AuthMe-5.6.0-beta2.jar//fr.xephi.authme.libs.com.maxmind.db.Reader.<init>(Reader.java:121)
	at AuthMe-5.6.0-beta2.jar//fr.xephi.authme.service.GeoIpService.startReading(GeoIpService.java:173)
	at AuthMe-5.6.0-beta2.jar//fr.xephi.authme.service.GeoIpService.updateDatabase(GeoIpService.java:144)
	at org.bukkit.craftbukkit.v1_17_R1.scheduler.CraftTask.run(CraftTask.java:101)
	at org.bukkit.craftbukkit.v1_17_R1.scheduler.CraftAsyncTask.run(CraftAsyncTask.java:54)
	at com.destroystokyo.paper.ServerSchedulerReportingWrapper.run(ServerSchedulerReportingWrapper.java:22)
	at java.base/java.util.concurrent.ThreadPoolExecutor.runWorker(ThreadPoolExecutor.java:1130)
	at java.base/java.util.concurrent.ThreadPoolExecutor$Worker.run(ThreadPoolExecutor.java:630)
	at java.base/java.lang.Thread.run(Thread.java:831)

[08-09 16:29:48]: [FINE] Ne_Rubychka logged in 127.0.0.1
[08-09 16:29:54]: [FINE] Ne_Rubychka logged in 127.0.0.1
[08-09 16:41:24]: [INFO] AuthMe 5.6.0-beta2-b2453 disabled!
