[14:25:41] Ne_Rubychka (2d315bc6-0724-339f-a73b-52f4ef1535ab): d
[14:28:11] Ne_Rubychka (2d315bc6-0724-339f-a73b-52f4ef1535ab): d
[14:28:58] Ne_Rubychka (2d315bc6-0724-339f-a73b-52f4ef1535ab): d
[14:29:30] Ne_Rubychka (2d315bc6-0724-339f-a73b-52f4ef1535ab): dd
[14:30:47] Ne_Rubychka (2d315bc6-0724-339f-a73b-52f4ef1535ab): d
[14:30:53] Ne_Rubychka (2d315bc6-0724-339f-a73b-52f4ef1535ab): d
[14:31:12] Ne_Rubychka (2d315bc6-0724-339f-a73b-52f4ef1535ab): d
[14:31:13] Ne_Rubychka (2d315bc6-0724-339f-a73b-52f4ef1535ab): s
[14:31:32] Ne_Rubychka (2d315bc6-0724-339f-a73b-52f4ef1535ab): a
[14:32:00] Ne_Rubychka (2d315bc6-0724-339f-a73b-52f4ef1535ab): d
[14:32:49] Ne_Rubychka (2d315bc6-0724-339f-a73b-52f4ef1535ab): d
[14:32:52] Ne_Rubychka (2d315bc6-0724-339f-a73b-52f4ef1535ab): d
[14:36:04] Ne_Rubychka (2d315bc6-0724-339f-a73b-52f4ef1535ab): d
[14:36:52] Ne_Rubychka (2d315bc6-0724-339f-a73b-52f4ef1535ab): f
[14:37:32] Ne_Rubychka (2d315bc6-0724-339f-a73b-52f4ef1535ab): d
[14:37:34] Ne_Rubychka (2d315bc6-0724-339f-a73b-52f4ef1535ab): s
[14:39:49] Ne_Rubychka (2d315bc6-0724-339f-a73b-52f4ef1535ab): d
[14:40:47] Ne_Rubychka (2d315bc6-0724-339f-a73b-52f4ef1535ab): d
[14:43:09] Ne_Rubychka (2d315bc6-0724-339f-a73b-52f4ef1535ab): d
[14:43:12] Ne_Rubychka (2d315bc6-0724-339f-a73b-52f4ef1535ab): s
[14:45:05] Ne_Rubychka (2d315bc6-0724-339f-a73b-52f4ef1535ab): d
[14:46:16] Ne_Rubychka (2d315bc6-0724-339f-a73b-52f4ef1535ab): d
[14:46:45] Ne_Rubychka (2d315bc6-0724-339f-a73b-52f4ef1535ab): d
[14:47:48] Ne_Rubychka (2d315bc6-0724-339f-a73b-52f4ef1535ab): d
[14:47:52] Ne_Rubychka (2d315bc6-0724-339f-a73b-52f4ef1535ab): d
[14:47:56] Ne_Rubychka (2d315bc6-0724-339f-a73b-52f4ef1535ab): s
[14:48:35] Ne_Rubychka (2d315bc6-0724-339f-a73b-52f4ef1535ab): d
[14:48:42] Ne_Rubychka (2d315bc6-0724-339f-a73b-52f4ef1535ab): f
[14:49:07] Ne_Rubychka (2d315bc6-0724-339f-a73b-52f4ef1535ab): в
[14:50:56] Ne_Rubychka (2d315bc6-0724-339f-a73b-52f4ef1535ab): d
[14:51:51] Ne_Rubychka (2d315bc6-0724-339f-a73b-52f4ef1535ab): d
[14:52:25] Ne_Rubychka (2d315bc6-0724-339f-a73b-52f4ef1535ab): d
[14:59:59] Ne_Rubychka (2d315bc6-0724-339f-a73b-52f4ef1535ab): d
[15:00:46] Ne_Rubychka (2d315bc6-0724-339f-a73b-52f4ef1535ab): §f§lMine§c§lRose
[15:29:14] Ne_Rubychka (2d315bc6-0724-339f-a73b-52f4ef1535ab): d
[15:42:56] Ne_Rubychka (2d315bc6-0724-339f-a73b-52f4ef1535ab): d
[15:54:30] Ne_Rubychka (2d315bc6-0724-339f-a73b-52f4ef1535ab): d
[16:06:33] Ne_Rubychka (2d315bc6-0724-339f-a73b-52f4ef1535ab): d
[16:12:10] Ne_Rubychka (2d315bc6-0724-339f-a73b-52f4ef1535ab): d
[16:20:29] Ne_Rubychka (2d315bc6-0724-339f-a73b-52f4ef1535ab): d
[16:31:33] Ne_Rubychka (2d315bc6-0724-339f-a73b-52f4ef1535ab): [+] Ne_Rubychka
[16:50:58] Ne_Rubychka (2d315bc6-0724-339f-a73b-52f4ef1535ab): §eЗолото
[16:51:01] Ne_Rubychka (2d315bc6-0724-339f-a73b-52f4ef1535ab): §dd
[16:51:03] Ne_Rubychka (2d315bc6-0724-339f-a73b-52f4ef1535ab): §bb
[16:51:08] Ne_Rubychka (2d315bc6-0724-339f-a73b-52f4ef1535ab): §eЗолото
[16:51:14] Ne_Rubychka (2d315bc6-0724-339f-a73b-52f4ef1535ab): §bАлмаз
[16:51:43] Ne_Rubychka (2d315bc6-0724-339f-a73b-52f4ef1535ab): §aИзумруд
[16:52:16] Ne_Rubychka (2d315bc6-0724-339f-a73b-52f4ef1535ab): §5Незерит
[16:52:36] Ne_Rubychka (2d315bc6-0724-339f-a73b-52f4ef1535ab): §dПельмешек
[17:03:50] Turba (11550eee-4e0e-3bc7-ae02-acdb3ee6ebc0): d
[17:03:51] Turba (11550eee-4e0e-3bc7-ae02-acdb3ee6ebc0): d
[17:03:51] Turba (11550eee-4e0e-3bc7-ae02-acdb3ee6ebc0): d
[17:03:52] Turba (11550eee-4e0e-3bc7-ae02-acdb3ee6ebc0): d
[17:03:52] Turba (11550eee-4e0e-3bc7-ae02-acdb3ee6ebc0): d
[17:03:53] Turba (11550eee-4e0e-3bc7-ae02-acdb3ee6ebc0): d
[17:03:54] Turba (11550eee-4e0e-3bc7-ae02-acdb3ee6ebc0): d
[17:03:54] Turba (11550eee-4e0e-3bc7-ae02-acdb3ee6ebc0): d
[17:03:55] Turba (11550eee-4e0e-3bc7-ae02-acdb3ee6ebc0): d
[17:03:56] Turba (11550eee-4e0e-3bc7-ae02-acdb3ee6ebc0): d
[17:04:03] Ne_Rubychka (2d315bc6-0724-339f-a73b-52f4ef1535ab): Ты че спамишь?
[17:04:05] Ne_Rubychka (2d315bc6-0724-339f-a73b-52f4ef1535ab): мудак
[17:04:07] Ne_Rubychka (2d315bc6-0724-339f-a73b-52f4ef1535ab): я админ
[17:04:13] Turba (11550eee-4e0e-3bc7-ae02-acdb3ee6ebc0): хахаха
[17:04:17] Turba (11550eee-4e0e-3bc7-ae02-acdb3ee6ebc0): я вас взломаю
[17:25:20] Ne_Rubychka (2d315bc6-0724-339f-a73b-52f4ef1535ab): d
[19:27:35] Ne_Rubychka (2d315bc6-0724-339f-a73b-52f4ef1535ab): d
[19:28:02] Ne_Rubychka (2d315bc6-0724-339f-a73b-52f4ef1535ab): d
[19:35:21] Ne_Rubychka (2d315bc6-0724-339f-a73b-52f4ef1535ab): d
[19:35:31] Ne_Rubychka (2d315bc6-0724-339f-a73b-52f4ef1535ab): d
[19:35:40] Ne_Rubychka (2d315bc6-0724-339f-a73b-52f4ef1535ab): d
[19:35:47] Ne_Rubychka (2d315bc6-0724-339f-a73b-52f4ef1535ab): §dd
[19:36:15] Ne_Rubychka (2d315bc6-0724-339f-a73b-52f4ef1535ab): d
[19:36:23] Ne_Rubychka (2d315bc6-0724-339f-a73b-52f4ef1535ab): d
[19:36:47] Ne_Rubychka (2d315bc6-0724-339f-a73b-52f4ef1535ab): d
[19:37:05] Ne_Rubychka (2d315bc6-0724-339f-a73b-52f4ef1535ab): d
[19:37:27] Ne_Rubychka (2d315bc6-0724-339f-a73b-52f4ef1535ab): s
