[16:28:54] [main/INFO]: Environment: authHost='https://authserver.mojang.com', accountsHost='https://api.mojang.com', sessionHost='https://sessionserver.mojang.com', servicesHost='https://api.minecraftservices.com', name='PROD'
[16:28:54] [main/INFO]: Reloading ResourceManager: Default, bukkit
[16:28:55] [Worker-Main-4/INFO]: Loaded 7 recipes
[16:28:56] [Server thread/INFO]: Starting minecraft server version 1.17.1
[16:28:56] [Server thread/INFO]: Loading properties
[16:28:56] [Server thread/INFO]: This server is running Paper version git-Paper-166 (MC: 1.17.1) (Implementing API version 1.17.1-R0.1-SNAPSHOT) (Git: b33b639)
[16:28:57] [Server thread/INFO]: Debug logging is disabled
[16:28:57] [Server thread/INFO]: Server Ping Player Sample Count: 12
[16:28:57] [Server thread/INFO]: Using 4 threads for Netty based IO
[16:28:57] [Server thread/INFO]: Default game type: SURVIVAL
[16:28:57] [Server thread/INFO]: Generating keypair
[16:28:57] [Server thread/INFO]: Starting Minecraft server on *:25565
[16:28:57] [Server thread/INFO]: Using default channel type
[16:28:58] [Server thread/ERROR]: [[STDERR] ] org.bukkit.craftbukkit.v1_17_R1.legacy.CraftLegacy Initializing Legacy Material Support. Unless you have legacy plugins and/or data this is a bug!
[16:29:02] [Server thread/WARN]: Legacy plugin MultiMOTD v1.0 does not specify an api-version.
[16:29:03] [Server thread/INFO]: [LuckPerms] Loading LuckPerms v5.3.57
[16:29:03] [Server thread/INFO]: [IllegalStack] Loading IllegalStack v2.4.2
[16:29:03] [Server thread/INFO]: [MultiMOTD] Loading MultiMOTD v1.0
[16:29:03] [Server thread/INFO]: [Vault] Loading Vault v1.7.3-b131
[16:29:03] [Server thread/INFO]: [Chatty] Loading Chatty v2.19.4
[16:29:03] [Server thread/INFO]: [WorldEdit] Loading WorldEdit v7.2.6-beta-02+2e45a20
[16:29:03] [Server thread/INFO]: Got request to register class com.sk89q.worldedit.bukkit.BukkitServerInterface with WorldEdit [com.sk89q.worldedit.extension.platform.PlatformManager@406a8a19]
[16:29:03] [Server thread/INFO]: [AuctionHouse] Loading AuctionHouse v3.0
[16:29:03] [Server thread/INFO]: [ChestCommands] Loading ChestCommands v3.3.1
[16:29:03] [Server thread/INFO]: [Essentials] Loading Essentials v2.18.2.0
[16:29:03] [Server thread/INFO]: [EssentialsGeoIP] Loading EssentialsGeoIP v2.18.2.0
[16:29:03] [Server thread/INFO]: [EssentialsSpawn] Loading EssentialsSpawn v2.18.2.0
[16:29:03] [Server thread/INFO]: [WorldGuard] Loading WorldGuard v7.0.6-beta1+0b66f3e
[16:29:03] [Server thread/INFO]: [CoreProtect] Loading CoreProtect v20.1
[16:29:03] [Server thread/INFO]: [TabList] Loading TabList v5.5.5
[16:29:03] [Server thread/INFO]: [AuthMe] Loading AuthMe v5.6.0-beta2-b2453
[16:29:03] [Server thread/INFO]: Server permissions file permissions.yml is empty, ignoring it
[16:29:03] [Server thread/INFO]: [LuckPerms] Enabling LuckPerms v5.3.57
[16:29:04] [Server thread/INFO]:         __    
[16:29:04] [Server thread/INFO]:   |    |__)   LuckPerms v5.3.57
[16:29:04] [Server thread/INFO]:   |___ |      Running on Bukkit - Paper
[16:29:04] [Server thread/INFO]: 
[16:29:04] [Server thread/INFO]: [LuckPerms] Loading configuration...
[16:29:04] [Server thread/INFO]: [LuckPerms] Loading storage provider... [H2]
[16:29:04] [Server thread/INFO]: [LuckPerms] Loading internal permission managers...
[16:29:05] [Server thread/INFO]: [LuckPerms] Performing initial data load...
[16:29:05] [Server thread/INFO]: [LuckPerms] Successfully enabled. (took 1260ms)
[16:29:05] [Server thread/INFO]: [Vault] Enabling Vault v1.7.3-b131
[16:29:05] [Server thread/WARN]: [Vault] Loaded class com.earth2me.essentials.api.Economy from Essentials v2.18.2.0 which is not a depend, softdepend or loadbefore of this plugin.
[16:29:05] [Server thread/INFO]: [Vault] [Economy] Essentials Economy found: Waiting
[16:29:05] [Server thread/INFO]: [Vault] [Permission] SuperPermissions loaded as backup permission system.
[16:29:05] [Server thread/INFO]: [Vault] Enabled Version 1.7.3-b131
[16:29:05] [Server thread/INFO]: [LuckPerms] Registered Vault permission & chat hook.
[16:29:05] [Server thread/INFO]: [WorldEdit] Enabling WorldEdit v7.2.6-beta-02+2e45a20
[16:29:05] [Server thread/INFO]: Registering commands with com.sk89q.worldedit.bukkit.BukkitServerInterface
[16:29:05] [Server thread/INFO]: WEPIF: Vault detected! Using Vault for permissions
[16:29:05] [Server thread/INFO]: Using com.sk89q.worldedit.bukkit.adapter.impl.Spigot_v1_17_R1_2 as the Bukkit adapter
[16:29:06] [Server thread/WARN]: **** SERVER IS RUNNING IN OFFLINE/INSECURE MODE!
[16:29:06] [Server thread/WARN]: The server will make no attempt to authenticate usernames. Beware.
[16:29:06] [Server thread/WARN]: While this makes the game possible to play without internet access, it also opens up the ability for hackers to connect with any username they choose.
[16:29:06] [Server thread/WARN]: To change this, set "online-mode" to "true" in the server.properties file.
[16:29:06] [Server thread/INFO]: Preparing level "world"
[16:29:07] [Server thread/INFO]: Preparing start region for dimension minecraft:overworld
[16:29:09] [Worker-Main-1/INFO]: Preparing spawn area: 0%
[16:29:09] [Server thread/INFO]: Time elapsed: 2508 ms
[16:29:09] [Server thread/INFO]: Preparing start region for dimension minecraft:the_nether
[16:29:11] [Worker-Main-2/INFO]: Preparing spawn area: 0%
[16:29:11] [Worker-Main-1/INFO]: Preparing spawn area: 0%
[16:29:11] [Worker-Main-1/INFO]: Preparing spawn area: 0%
[16:29:11] [Worker-Main-1/INFO]: Preparing spawn area: 0%
[16:29:11] [Worker-Main-1/INFO]: Preparing spawn area: 0%
[16:29:11] [Server thread/INFO]: Time elapsed: 2284 ms
[16:29:11] [Server thread/INFO]: Preparing start region for dimension minecraft:the_end
[16:29:15] [Worker-Main-1/INFO]: Preparing spawn area: 0%
[16:29:15] [Worker-Main-1/INFO]: Preparing spawn area: 0%
[16:29:15] [Worker-Main-1/INFO]: Preparing spawn area: 0%
[16:29:15] [Worker-Main-1/INFO]: Preparing spawn area: 0%
[16:29:15] [Worker-Main-1/INFO]: Preparing spawn area: 0%
[16:29:15] [Worker-Main-1/INFO]: Preparing spawn area: 0%
[16:29:15] [Worker-Main-1/INFO]: Preparing spawn area: 0%
[16:29:15] [Worker-Main-1/INFO]: Preparing spawn area: 0%
[16:29:16] [Worker-Main-1/INFO]: Preparing spawn area: 0%
[16:29:16] [Server thread/INFO]: Time elapsed: 4282 ms
[16:29:16] [Server thread/INFO]: [IllegalStack] Enabling IllegalStack v2.4.2
[16:29:16] [Server thread/INFO]: [IllegalStack/IllegalStack] The following materials are allowed to have stacks larger than the vanilla size: POTION 
[16:29:16] [Server thread/INFO]: [IllegalStack/IllegalStack] Chat Components found! Enabling clickable commands in /istack
[16:29:16] [Server thread/WARN]: [IllegalStack/IllegalStack] ProtocolLib NOT FOUND!!!! and DisableChestsOnMobs protection is turned on.. It may still be possible for players to dupe using horses/donkeys on your server using a hacked client.  It is highly recommended that you install ProtocolLib for optimal protection!
[16:29:16] [Server thread/INFO]: [IllegalStack/fListener] MC Version v1_17_r1 detected!
[16:29:16] [Server thread/INFO]: [IllegalStack/Listener113] Enabling 1.13+ Checks
[16:29:16] [Server thread/INFO]: [IllegalStack/IllegalStack] ZombieVillagerTransformChance is set to 65 *** Only really matters if the difficulty is set to HARD ***
[16:29:16] [Server thread/INFO]: [MultiMOTD] Enabling MultiMOTD v1.0*
[16:29:16] [Server thread/INFO]: [Chatty] Enabling Chatty v2.19.4
[16:29:16] [Server thread/INFO]: [Chatty] Vault has successful hooked.
[16:29:16] [Server thread/INFO]: [AuctionHouse] Enabling AuctionHouse v3.0
[16:29:16] [Server thread/INFO]: [AuctionHouse] Found locale file en_us.json
[16:29:16] [Server thread/WARN]: [AuctionHouse] [1;33mA backup of the database has been saved with .backup extension.[0m
[16:29:16] [Server thread/INFO]: [AuctionHouse] Using NMS version v1_17_R1
[16:29:16] [Server thread/INFO]: [AuctionHouse] Using en_us locale
[16:29:16] [Server thread/INFO]: [AuctionHouse] Loaded 0 listings
[16:29:16] [Server thread/INFO]: [ChestCommands] Enabling ChestCommands v3.3.1
[16:29:16] [Server thread/INFO]: [Essentials] Enabling Essentials v2.18.2.0
[16:29:16] [Server thread/ERROR]: [Essentials] You are running an unsupported server version!
[16:29:16] [Server thread/INFO]: [Essentials] Attempting to convert old kits in config.yml to new kits.yml
[16:29:16] [Server thread/INFO]: [Essentials] No kits found to migrate.
[16:29:17] [Server thread/INFO]: [Essentials] Loaded 25599 items from items.json.
[16:29:17] [Server thread/INFO]: [Essentials] Using locale ru_RU
[16:29:17] [Server thread/INFO]: [Essentials] ServerListPingEvent: Spigot iterator API
[16:29:17] [Server thread/INFO]: [Essentials] Starting Metrics. Opt-out using the global bStats config.
[16:29:17] [Server thread/INFO]: [Vault] [Economy] Essentials Economy hooked.
[16:29:17] [Server thread/INFO]: [Essentials] Using Vault based permissions (LuckPerms)
[16:29:17] [Server thread/INFO]: [EssentialsGeoIP] Enabling EssentialsGeoIP v2.18.2.0
[16:29:17] [Server thread/ERROR]: [EssentialsGeoIP] Ключ лицензии не найден! Инструкцию по настройке вы можете найти на сайте https://essentialsx.cf/geoip.
[16:29:17] [Server thread/ERROR]: [EssentialsGeoIP] Ошибка при чтении базы данных GeoIP!
java.io.FileNotFoundException: plugins\EssentialsGeoIP\GeoIP2-Country.mmdb (Не удается найти указанный файл)
	at java.io.RandomAccessFile.open0(Native Method) ~[?:?]
	at java.io.RandomAccessFile.open(RandomAccessFile.java:343) ~[?:?]
	at java.io.RandomAccessFile.<init>(RandomAccessFile.java:258) ~[?:?]
	at java.io.RandomAccessFile.<init>(RandomAccessFile.java:213) ~[?:?]
	at com.maxmind.db.BufferHolder.<init>(BufferHolder.java:19) ~[EssentialsXGeoIP-2.18.2.0.jar:?]
	at com.maxmind.db.Reader.<init>(Reader.java:116) ~[EssentialsXGeoIP-2.18.2.0.jar:?]
	at com.maxmind.geoip2.DatabaseReader.<init>(DatabaseReader.java:66) ~[EssentialsXGeoIP-2.18.2.0.jar:?]
	at com.maxmind.geoip2.DatabaseReader.<init>(DatabaseReader.java:54) ~[EssentialsXGeoIP-2.18.2.0.jar:?]
	at com.maxmind.geoip2.DatabaseReader$Builder.build(DatabaseReader.java:160) ~[EssentialsXGeoIP-2.18.2.0.jar:?]
	at com.earth2me.essentials.geoip.EssentialsGeoIPPlayerListener.reloadConfig(EssentialsGeoIPPlayerListener.java:175) ~[EssentialsXGeoIP-2.18.2.0.jar:?]
	at com.earth2me.essentials.geoip.EssentialsGeoIPPlayerListener.<init>(EssentialsGeoIPPlayerListener.java:52) ~[EssentialsXGeoIP-2.18.2.0.jar:?]
	at com.earth2me.essentials.geoip.EssentialsGeoIP.onEnable(EssentialsGeoIP.java:31) ~[EssentialsXGeoIP-2.18.2.0.jar:?]
	at org.bukkit.plugin.java.JavaPlugin.setEnabled(JavaPlugin.java:263) ~[patched_1.17.1.jar:git-Paper-166]
	at org.bukkit.plugin.java.JavaPluginLoader.enablePlugin(JavaPluginLoader.java:370) ~[patched_1.17.1.jar:git-Paper-166]
	at org.bukkit.plugin.SimplePluginManager.enablePlugin(SimplePluginManager.java:500) ~[patched_1.17.1.jar:git-Paper-166]
	at org.bukkit.craftbukkit.v1_17_R1.CraftServer.enablePlugin(CraftServer.java:529) ~[patched_1.17.1.jar:git-Paper-166]
	at org.bukkit.craftbukkit.v1_17_R1.CraftServer.enablePlugins(CraftServer.java:443) ~[patched_1.17.1.jar:git-Paper-166]
	at net.minecraft.server.MinecraftServer.loadWorld(MinecraftServer.java:639) ~[patched_1.17.1.jar:git-Paper-166]
	at net.minecraft.server.dedicated.DedicatedServer.initServer(DedicatedServer.java:306) ~[patched_1.17.1.jar:git-Paper-166]
	at net.minecraft.server.MinecraftServer.runServer(MinecraftServer.java:1126) ~[patched_1.17.1.jar:git-Paper-166]
	at net.minecraft.server.MinecraftServer.lambda$spin$0(MinecraftServer.java:316) ~[patched_1.17.1.jar:git-Paper-166]
	at java.lang.Thread.run(Thread.java:831) [?:?]
[16:29:17] [Server thread/INFO]: [EssentialsGeoIP] This product includes GeoLite2 data created by MaxMind, available from http://www.maxmind.com/.
[16:29:17] [Server thread/INFO]: [EssentialsGeoIP] Starting Metrics. Opt-out using the global bStats config.
[16:29:17] [Server thread/INFO]: [EssentialsSpawn] Enabling EssentialsSpawn v2.18.2.0
[16:29:17] [Server thread/INFO]: [EssentialsSpawn] Starting Metrics. Opt-out using the global bStats config.
[16:29:17] [Server thread/INFO]: [WorldGuard] Enabling WorldGuard v7.0.6-beta1+0b66f3e
[16:29:17] [Server thread/INFO]: [WorldGuard] (world) TNT ignition is PERMITTED.
[16:29:17] [Server thread/INFO]: [WorldGuard] (world) Lighters are PERMITTED.
[16:29:17] [Server thread/INFO]: [WorldGuard] (world) Lava fire is PERMITTED.
[16:29:17] [Server thread/INFO]: [WorldGuard] (world) Fire spread is UNRESTRICTED.
[16:29:17] [Server thread/INFO]: [WorldGuard] Loaded configuration for world 'world'
[16:29:17] [Server thread/INFO]: [WorldGuard] (world_nether) TNT ignition is PERMITTED.
[16:29:17] [Server thread/INFO]: [WorldGuard] (world_nether) Lighters are PERMITTED.
[16:29:17] [Server thread/INFO]: [WorldGuard] (world_nether) Lava fire is PERMITTED.
[16:29:17] [Server thread/INFO]: [WorldGuard] (world_nether) Fire spread is UNRESTRICTED.
[16:29:17] [Server thread/INFO]: [WorldGuard] Loaded configuration for world 'world_nether'
[16:29:17] [Server thread/INFO]: [WorldGuard] (world_the_end) TNT ignition is PERMITTED.
[16:29:17] [Server thread/INFO]: [WorldGuard] (world_the_end) Lighters are PERMITTED.
[16:29:17] [Server thread/INFO]: [WorldGuard] (world_the_end) Lava fire is PERMITTED.
[16:29:17] [Server thread/INFO]: [WorldGuard] (world_the_end) Fire spread is UNRESTRICTED.
[16:29:17] [Server thread/INFO]: [WorldGuard] Loaded configuration for world 'world_the_end'
[16:29:17] [Server thread/INFO]: [WorldGuard] Loading region data...
[16:29:17] [Server thread/INFO]: [CoreProtect] Enabling CoreProtect v20.1
[16:29:17] [Server thread/INFO]: [CoreProtect] CoreProtect has been successfully enabled! 
[16:29:17] [Server thread/INFO]: [CoreProtect] Using SQLite for data storage.
[16:29:17] [Server thread/INFO]: --------------------
[16:29:17] [Server thread/INFO]: [CoreProtect] Enjoy CoreProtect? Join our Discord!
[16:29:17] [Server thread/INFO]: [CoreProtect] Discord: www.coreprotect.net/discord/
[16:29:17] [Server thread/INFO]: --------------------
[16:29:17] [Server thread/INFO]: [TabList] Enabling TabList v5.5.5
[16:29:17] [Server thread/INFO]: [TabList] > Enabled v5.5.5! (67ms)
[16:29:17] [Server thread/INFO]: [AuthMe] Enabling AuthMe v5.6.0-beta2-b2453
[16:29:18] [Server thread/INFO]: [AuthMe] SQLite Setup finished
[16:29:18] [Server thread/INFO]: [AuthMe] Hooked into LuckPerms!
[16:29:18] [Server thread/INFO]: [AuthMe] Hooked successfully into Essentials
[16:29:18] [Server thread/INFO]: [AuthMe] Essentials spawn file not found: 'C:\Users\Пользователь\Desktop\minerose\plugins\Essentials\spawn.yml'
[16:29:18] [Server thread/WARN]: [AuthMe] WARNING! The protectInventory feature requires ProtocolLib! Disabling it...
[16:29:18] [Server thread/INFO]: [AuthMe] AuthMe 5.6.0-beta2 build n.2453 successfully enabled!
[16:29:18] [Server thread/INFO]: Running delayed init tasks
[16:29:18] [Server thread/INFO]: [AuctionHouse] Registered Service Provider Vault for Vault's Economy API
[16:29:18] [Server thread/INFO]: [AuctionHouse] Registered Service Provider LuckPerms for Vault's Chat API
[16:29:18] [Server thread/INFO]: [CoreProtect] WorldEdit logging successfully initialized.
[16:29:19] [Server thread/INFO]: [ChestCommands] Found a new version: v4.0.3 (yours: v3.3.1)
[16:29:19] [Server thread/INFO]: [ChestCommands] Download it on Bukkit Dev:
[16:29:19] [Server thread/INFO]: [ChestCommands] dev.bukkit.org/bukkit-plugins/chest-commands
[16:29:19] [Server thread/INFO]: Done (22.150s)! For help, type "help"
[16:29:19] [Server thread/INFO]: Timings Reset
[16:29:19] [Craft Scheduler Thread - 1/INFO]: [AuthMe] Downloading GEO IP database, because the old database is older than 30 days or doesn't exist
[16:29:19] [Craft Scheduler Thread - 1/WARN]: [AuthMe] No MaxMind credentials found in the configuration file! GeoIp protections will be disabled.
[16:29:19] [Craft Scheduler Thread - 1/INFO]: [AuthMe] There is no newer GEO IP database uploaded to MaxMind. Using the old one for now.
[16:29:19] [Craft Scheduler Thread - 1/WARN]: [AuthMe] Could not download GeoLiteAPI database [FileNotFoundException]: plugins\AuthMe\GeoLite2-Country.mmdb (Не удается найти указанный файл)
[16:29:19] [Craft Scheduler Thread - 1/INFO]: [Vault] Checking for Updates ... 
[16:29:19] [Craft Scheduler Thread - 1/INFO]: [Vault] No new version available
[16:29:40] [User Authenticator #1/INFO]: UUID of player Ne_Rubychka is 2d315bc6-0724-339f-a73b-52f4ef1535ab
[16:29:41] [Server thread/INFO]: > [Игрок] Ne_Rubychka joined the server.
[16:29:41] [Server thread/INFO]: Ne_Rubychka[/127.0.0.1:64630] logged in with entity id 209 at ([world]-381.03358772566423, 73.04804128182359, -99.28529514858148)
[16:29:48] [Craft Scheduler Thread - 2/INFO]: [AuthMe] Ne_Rubychka logged in 127.0.0.1
[16:29:52] [Server thread/INFO]: Ne_Rubychka lost connection: Disconnected
[16:29:53] [Server thread/INFO]: > [Игрок] Ne_Rubychka left the server.
[16:29:53] [User Authenticator #1/INFO]: UUID of player Ne_Rubychka is 2d315bc6-0724-339f-a73b-52f4ef1535ab
[16:29:53] [Server thread/INFO]: > [Игрок] Ne_Rubychka joined the server.
[16:29:53] [Server thread/INFO]: Ne_Rubychka[/127.0.0.1:53379] logged in with entity id 419 at ([world]-379.9615524477677, 70.0, -99.26816102919732)
[16:29:54] [Craft Scheduler Thread - 2/INFO]: [AuthMe] Ne_Rubychka logged in 127.0.0.1
[16:31:33] [Async Chat Thread - #0/INFO]: [L] [Игрок] Ne_Rubychka: [+] Ne_Rubychka
[16:34:45] [Server thread/INFO]: Ne_Rubychka issued server command: /chestcommands reload
[16:34:45] [Server thread/INFO]:  
#------------------- Chest Commands Errors -------------------#
1) The icon "gold" in the menu "donate.yml" has an invalid ID: invalid material "&eЗолото70руб."
#-------------------------------------------------------------#
[16:35:10] [Server thread/INFO]: Ne_Rubychka issued server command: /chestcommands reload
[16:35:10] [Server thread/WARN]: org.bukkit.configuration.InvalidConfigurationException: sequence entries are not allowed here
[16:35:10] [Server thread/WARN]:  in 'string', line 60, column 22:
[16:35:10] [Server thread/WARN]:       MATERIAL: &eЗолото - 70 руб.
[16:35:10] [Server thread/WARN]:                          ^
[16:35:10] [Server thread/WARN]: 
[16:35:10] [Server thread/WARN]: 	at org.bukkit.configuration.file.YamlConfiguration.loadFromString(YamlConfiguration.java:59)
[16:35:10] [Server thread/WARN]: 	at org.bukkit.configuration.file.FileConfiguration.load(FileConfiguration.java:160)
[16:35:10] [Server thread/WARN]: 	at org.bukkit.configuration.file.FileConfiguration.load(FileConfiguration.java:128)
[16:35:10] [Server thread/WARN]: 	at ChestCommands.jar//com.gmail.filoghost.chestcommands.config.yaml.PluginConfig.load(PluginConfig.java:59)
[16:35:10] [Server thread/WARN]: 	at ChestCommands.jar//com.gmail.filoghost.chestcommands.ChestCommands.load(ChestCommands.java:202)
[16:35:10] [Server thread/WARN]: 	at ChestCommands.jar//com.gmail.filoghost.chestcommands.command.CommandHandler.execute(CommandHandler.java:64)
[16:35:10] [Server thread/WARN]: 	at ChestCommands.jar//com.gmail.filoghost.chestcommands.command.framework.CommandFramework.onCommand(CommandFramework.java:46)
[16:35:10] [Server thread/WARN]: 	at org.bukkit.command.PluginCommand.execute(PluginCommand.java:45)
[16:35:10] [Server thread/WARN]: 	at org.bukkit.command.SimpleCommandMap.dispatch(SimpleCommandMap.java:159)
[16:35:10] [Server thread/WARN]: 	at org.bukkit.craftbukkit.v1_17_R1.CraftServer.dispatchCommand(CraftServer.java:832)
[16:35:10] [Server thread/WARN]: 	at net.minecraft.server.network.PlayerConnection.handleCommand(PlayerConnection.java:2170)
[16:35:10] [Server thread/WARN]: 	at net.minecraft.server.network.PlayerConnection.a(PlayerConnection.java:1981)
[16:35:10] [Server thread/WARN]: 	at net.minecraft.server.network.PlayerConnection.a(PlayerConnection.java:1962)
[16:35:10] [Server thread/WARN]: 	at net.minecraft.network.protocol.game.PacketPlayInChat.a(PacketPlayInChat.java:46)
[16:35:10] [Server thread/WARN]: 	at net.minecraft.network.protocol.game.PacketPlayInChat.a(PacketPlayInChat.java:6)
[16:35:10] [Server thread/WARN]: 	at net.minecraft.network.protocol.PlayerConnectionUtils.lambda$ensureRunningOnSameThread$1(PlayerConnectionUtils.java:36)
[16:35:10] [Server thread/WARN]: 	at net.minecraft.server.TickTask.run(TickTask.java:18)
[16:35:10] [Server thread/WARN]: 	at net.minecraft.util.thread.IAsyncTaskHandler.executeTask(IAsyncTaskHandler.java:149)
[16:35:10] [Server thread/WARN]: 	at net.minecraft.util.thread.IAsyncTaskHandlerReentrant.executeTask(IAsyncTaskHandlerReentrant.java:23)
[16:35:10] [Server thread/WARN]: 	at net.minecraft.server.MinecraftServer.executeTask(MinecraftServer.java:1348)
[16:35:10] [Server thread/WARN]: 	at net.minecraft.server.MinecraftServer.executeTask(MinecraftServer.java:190)
[16:35:10] [Server thread/WARN]: 	at net.minecraft.util.thread.IAsyncTaskHandler.executeNext(IAsyncTaskHandler.java:122)
[16:35:10] [Server thread/WARN]: 	at net.minecraft.server.MinecraftServer.bf(MinecraftServer.java:1327)
[16:35:10] [Server thread/WARN]: 	at net.minecraft.server.MinecraftServer.executeNext(MinecraftServer.java:1320)
[16:35:10] [Server thread/WARN]: 	at net.minecraft.util.thread.IAsyncTaskHandler.awaitTasks(IAsyncTaskHandler.java:132)
[16:35:10] [Server thread/WARN]: 	at net.minecraft.server.MinecraftServer.sleepForTick(MinecraftServer.java:1281)
[16:35:10] [Server thread/WARN]: 	at net.minecraft.server.MinecraftServer.x(MinecraftServer.java:1192)
[16:35:10] [Server thread/WARN]: 	at net.minecraft.server.MinecraftServer.lambda$spin$0(MinecraftServer.java:316)
[16:35:10] [Server thread/WARN]: 	at java.base/java.lang.Thread.run(Thread.java:831)
[16:35:10] [Server thread/WARN]: Caused by: sequence entries are not allowed here
[16:35:10] [Server thread/WARN]:  in 'string', line 60, column 22:
[16:35:10] [Server thread/WARN]:       MATERIAL: &eЗолото - 70 руб.
[16:35:10] [Server thread/WARN]:                          ^
[16:35:10] [Server thread/WARN]: 
[16:35:10] [Server thread/WARN]: 	at org.yaml.snakeyaml.scanner.ScannerImpl.fetchBlockEntry(ScannerImpl.java:797)
[16:35:10] [Server thread/WARN]: 	at org.yaml.snakeyaml.scanner.ScannerImpl.fetchMoreTokens(ScannerImpl.java:336)
[16:35:10] [Server thread/WARN]: 	at org.yaml.snakeyaml.scanner.ScannerImpl.checkToken(ScannerImpl.java:248)
[16:35:10] [Server thread/WARN]: 	at org.yaml.snakeyaml.parser.ParserImpl.parseNode(ParserImpl.java:424)
[16:35:10] [Server thread/WARN]: 	at org.yaml.snakeyaml.parser.ParserImpl.parseBlockNodeOrIndentlessSequence(ParserImpl.java:404)
[16:35:10] [Server thread/WARN]: 	at org.yaml.snakeyaml.parser.ParserImpl.access$2300(ParserImpl.java:120)
[16:35:10] [Server thread/WARN]: 	at org.yaml.snakeyaml.parser.ParserImpl$ParseBlockMappingValue.produce(ParserImpl.java:638)
[16:35:10] [Server thread/WARN]: 	at org.yaml.snakeyaml.parser.ParserImpl.peekEvent(ParserImpl.java:165)
[16:35:10] [Server thread/WARN]: 	at org.yaml.snakeyaml.comments.CommentEventsCollector$1.peek(CommentEventsCollector.java:59)
[16:35:10] [Server thread/WARN]: 	at org.yaml.snakeyaml.comments.CommentEventsCollector$1.peek(CommentEventsCollector.java:45)
[16:35:10] [Server thread/WARN]: 	at org.yaml.snakeyaml.comments.CommentEventsCollector.collectEvents(CommentEventsCollector.java:140)
[16:35:10] [Server thread/WARN]: 	at org.yaml.snakeyaml.comments.CommentEventsCollector.collectEvents(CommentEventsCollector.java:119)
[16:35:10] [Server thread/WARN]: 	at org.yaml.snakeyaml.composer.Composer.composeScalarNode(Composer.java:221)
[16:35:10] [Server thread/WARN]: 	at org.yaml.snakeyaml.composer.Composer.composeNode(Composer.java:191)
[16:35:10] [Server thread/WARN]: 	at org.yaml.snakeyaml.composer.Composer.composeKeyNode(Composer.java:309)
[16:35:10] [Server thread/WARN]: 	at org.yaml.snakeyaml.composer.Composer.composeMappingChildren(Composer.java:300)
[16:35:10] [Server thread/WARN]: 	at org.yaml.snakeyaml.composer.Composer.composeMappingNode(Composer.java:288)
[16:35:10] [Server thread/WARN]: 	at org.yaml.snakeyaml.composer.Composer.composeNode(Composer.java:195)
[16:35:10] [Server thread/WARN]: 	at org.yaml.snakeyaml.composer.Composer.composeValueNode(Composer.java:313)
[16:35:10] [Server thread/WARN]: 	at org.yaml.snakeyaml.composer.Composer.composeMappingChildren(Composer.java:304)
[16:35:10] [Server thread/WARN]: 	at org.yaml.snakeyaml.composer.Composer.composeMappingNode(Composer.java:288)
[16:35:10] [Server thread/WARN]: 	at org.yaml.snakeyaml.composer.Composer.composeNode(Composer.java:195)
[16:35:10] [Server thread/WARN]: 	at org.yaml.snakeyaml.composer.Composer.getNode(Composer.java:115)
[16:35:10] [Server thread/WARN]: 	at org.yaml.snakeyaml.composer.Composer.getSingleNode(Composer.java:146)
[16:35:10] [Server thread/WARN]: 	at org.yaml.snakeyaml.constructor.BaseConstructor.getSingleData(BaseConstructor.java:151)
[16:35:10] [Server thread/WARN]: 	at org.yaml.snakeyaml.Yaml.loadFromReader(Yaml.java:490)
[16:35:10] [Server thread/WARN]: 	at org.yaml.snakeyaml.Yaml.load(Yaml.java:416)
[16:35:10] [Server thread/WARN]: 	at org.bukkit.configuration.file.YamlConfiguration.loadFromString(YamlConfiguration.java:57)
[16:35:10] [Server thread/WARN]: 	... 28 more
[16:35:10] [Server thread/INFO]:  
#------------------- Chest Commands Errors -------------------#
1) Invalid YAML configuration for the menu "donate.yml". Please look at the error above, or use an online YAML parser (google is your friend).
#-------------------------------------------------------------#
[16:36:31] [Server thread/INFO]: Ne_Rubychka issued server command: /chestcommands reload
[16:36:31] [Server thread/INFO]:  
#------------------- Chest Commands Errors -------------------#
1) The icon "gold" in the menu "donate.yml" has an invalid ID: invalid material "&eЗолото70руб."
#-------------------------------------------------------------#
[16:38:34] [Server thread/INFO]: Ne_Rubychka issued server command: /chestcommands reload
[16:38:34] [Server thread/INFO]:  
#------------------- Chest Commands Errors -------------------#
1) The icon "gold" in the menu "donate.yml" has an invalid ID: invalid material "gold"
#-------------------------------------------------------------#
[16:38:36] [Server thread/INFO]: Ne_Rubychka issued server command: /chestcommands reload
[16:38:36] [Server thread/INFO]:  
#------------------- Chest Commands Errors -------------------#
1) The icon "gold" in the menu "donate.yml" has an invalid ID: invalid material "gold"
#-------------------------------------------------------------#
[16:38:52] [Server thread/INFO]: Ne_Rubychka issued server command: /chestcommands reload
[16:38:52] [Server thread/INFO]:  
#------------------- Chest Commands Errors -------------------#
1) The icon "gold" in the menu "donate.yml" has an invalid ID: invalid material "gold"
#-------------------------------------------------------------#
[16:39:27] [Server thread/INFO]: Ne_Rubychka issued server command: /chestcommands reload
[16:39:33] [Server thread/INFO]: Ne_Rubychka issued server command: /donate
[16:39:40] [Server thread/INFO]: Ne_Rubychka issued server command: /donate
[16:39:55] [Server thread/INFO]: Ne_Rubychka issued server command: /menu
[16:40:22] [Server thread/INFO]: Ne_Rubychka issued server command: /вщтфеу
[16:40:40] [Server thread/INFO]: Ne_Rubychka issued server command: /chestcommands reload
[16:40:47] [Server thread/INFO]: Ne_Rubychka issued server command: /донат
[16:40:51] [Server thread/INFO]: Ne_Rubychka issued server command: /вщтфеу
[16:41:18] [Server thread/INFO]: Ne_Rubychka issued server command: /донат
[16:41:24] [Server thread/INFO]: Stopping the server
[16:41:24] [Server thread/INFO]: Stopping server
[16:41:24] [Server thread/INFO]: [AuthMe] Disabling AuthMe v5.6.0-beta2-b2453
[16:41:24] [Server thread/INFO]: [AuthMe] Waiting for 0 tasks to finish
[16:41:24] [Server thread/INFO]: [AuthMe] AuthMe 5.6.0-beta2-b2453 disabled!
[16:41:24] [Server thread/INFO]: [TabList] Disabling TabList v5.5.5
[16:41:24] [Server thread/INFO]: [CoreProtect] Disabling CoreProtect v20.1
[16:41:24] [Server thread/INFO]: [CoreProtect] Finishing up data logging. Please wait...
[16:41:25] [Server thread/INFO]: [CoreProtect] Success! Disabled CoreProtect v20.1
[16:41:25] [Server thread/INFO]: [WorldGuard] Disabling WorldGuard v7.0.6-beta1+0b66f3e
[16:41:25] [Server thread/INFO]: [WorldGuard] Shutting down executor and cancelling any pending tasks...
[16:41:25] [Server thread/INFO]: [EssentialsSpawn] Disabling EssentialsSpawn v2.18.2.0
[16:41:25] [Server thread/INFO]: [EssentialsGeoIP] Disabling EssentialsGeoIP v2.18.2.0
[16:41:25] [Server thread/INFO]: [Essentials] Disabling Essentials v2.18.2.0
[16:41:25] [Server thread/INFO]: [Vault] [Economy] Essentials Economy unhooked.
[16:41:25] [Server thread/INFO]: [ChestCommands] Disabling ChestCommands v3.3.1
[16:41:25] [Server thread/INFO]: [AuctionHouse] Disabling AuctionHouse v3.0
[16:41:25] [Server thread/INFO]: [AuctionHouse] Saving auctions data
[16:41:25] [Server thread/INFO]: [WorldEdit] Disabling WorldEdit v7.2.6-beta-02+2e45a20
[16:41:25] [Server thread/INFO]: Unregistering com.sk89q.worldedit.bukkit.BukkitServerInterface from WorldEdit
[16:41:25] [Server thread/INFO]: [Chatty] Disabling Chatty v2.19.4
[16:41:25] [Server thread/INFO]: [Vault] Disabling Vault v1.7.3-b131
[16:41:25] [Server thread/INFO]: [MultiMOTD] Disabling MultiMOTD v1.0
[16:41:25] [Server thread/INFO]: [IllegalStack] Disabling IllegalStack v2.4.2
[16:41:25] [Server thread/INFO]: [LuckPerms] Disabling LuckPerms v5.3.57
[16:41:25] [Server thread/INFO]: [LuckPerms] Starting shutdown process...
[16:41:25] [Server thread/INFO]: [LuckPerms] Closing storage...
[16:41:26] [Server thread/INFO]: [LuckPerms] Goodbye!
[16:41:26] [Server thread/INFO]: Saving players
[16:41:26] [Server thread/INFO]: Ne_Rubychka lost connection: Server closed
[16:41:26] [Server thread/INFO]: Ne_Rubychka left the game
[16:41:26] [Server thread/INFO]: Saving worlds
[16:41:26] [Server thread/INFO]: Saving chunks for level 'ServerLevel[world]'/minecraft:overworld
[16:41:27] [Server thread/INFO]: Saving chunks for level 'ServerLevel[world_nether]'/minecraft:the_nether
[16:41:27] [Server thread/INFO]: Saving chunks for level 'ServerLevel[world_the_end]'/minecraft:the_end
[16:41:27] [Server thread/INFO]: ThreadedAnvilChunkStorage (world): All chunks are saved
[16:41:27] [Server thread/INFO]: ThreadedAnvilChunkStorage (DIM-1): All chunks are saved
[16:41:27] [Server thread/INFO]: ThreadedAnvilChunkStorage (DIM1): All chunks are saved
[16:41:27] [Server thread/INFO]: ThreadedAnvilChunkStorage: All dimensions are saved
[16:41:27] [Server thread/INFO]: Flushing Chunk IO
[16:41:27] [Server thread/INFO]: Closing Thread Pool
[16:41:27] [Server thread/INFO]: Closing Server
